# JRE version: OpenJDK Runtime Environment (17.0.6) (build 17.0.6+0-b2043.56-10027231)
# Java VM: OpenJDK 64-Bit Server VM (17.0.6+0-b2043.56-10027231, mixed mode, tiered, compressed oops, compressed class ptrs, g1 gc, windows-amd64)
GC Precious Log:
 CPUs: 12 total, 12 available
 Memory: 16296M
 Large Page Support: Disabled
 NUMA Support: Disabled
 Compressed Oops: Enabled (Zero based)
 Heap Region Size: 2M
 Heap Min Capacity: 8M
 Heap Initial Capacity: 256M
 Heap Max Capacity: 4076M
 Pre-touch: Disabled
 Parallel Workers: 10
 Concurrent Workers: 3
 Concurrent Refinement Workers: 10
 Periodic GC: Disabled
Heap:
 garbage-first heap   total 131072K, used 65277K [0x0000000701400000, 0x0000000800000000)
  region size 2048K, 1 young (2048K), 1 survivors (2048K)
 Metaspace       used 78274K, committed 78592K, reserved 1122304K
  class space    used 8699K, committed 8832K, reserved 1048576K
GC Heap History (20 events):
Event: 1.865 GC heap after
{Heap after GC invocations=12 (full 0):
 garbage-first heap   total 92160K, used 31301K [0x0000000701400000, 0x0000000800000000)
  region size 2048K, 2 young (4096K), 2 survivors (4096K)
 Metaspace       used 49376K, committed 49600K, reserved 1097728K
  class space    used 5995K, committed 6080K, reserved 1048576K
}
Event: 2.216 GC heap before
{Heap before GC invocations=12 (full 0):
 garbage-first heap   total 92160K, used 68165K [0x0000000701400000, 0x0000000800000000)
  region size 2048K, 20 young (40960K), 2 survivors (4096K)
 Metaspace       used 51217K, committed 51456K, reserved 1097728K
  class space    used 6104K, committed 6208K, reserved 1048576K
}
Event: 2.226 GC heap after
{Heap after GC invocations=13 (full 0):
 garbage-first heap   total 92160K, used 36928K [0x0000000701400000, 0x0000000800000000)
  region size 2048K, 3 young (6144K), 3 survivors (6144K)
 Metaspace       used 51217K, committed 51456K, reserved 1097728K
  class space    used 6104K, committed 6208K, reserved 1048576K
}
Event: 2.399 GC heap before
{Heap before GC invocations=13 (full 0):
 garbage-first heap   total 92160K, used 67648K [0x0000000701400000, 0x0000000800000000)
  region size 2048K, 18 young (36864K), 3 survivors (6144K)
 Metaspace       used 52383K, committed 52608K, reserved 1097728K
  class space    used 6244K, committed 6336K, reserved 1048576K
}
Event: 2.410 GC heap after
{Heap after GC invocations=14 (full 0):
 garbage-first heap   total 92160K, used 41976K [0x0000000701400000, 0x0000000800000000)
  region size 2048K, 3 young (6144K), 3 survivors (6144K)
 Metaspace       used 52383K, committed 52608K, reserved 1097728K
  class space    used 6244K, committed 6336K, reserved 1048576K
}
Event: 2.508 GC heap before
{Heap before GC invocations=14 (full 0):
 garbage-first heap   total 92160K, used 66552K [0x0000000701400000, 0x0000000800000000)
  region size 2048K, 15 young (30720K), 3 survivors (6144K)
 Metaspace       used 53089K, committed 53312K, reserved 1097728K
  class space    used 6337K, committed 6464K, reserved 1048576K
}
Event: 2.513 GC heap after
{Heap after GC invocations=15 (full 0):
 garbage-first heap   total 92160K, used 43040K [0x0000000701400000, 0x0000000800000000)
  region size 2048K, 1 young (2048K), 1 survivors (2048K)
 Metaspace       used 53089K, committed 53312K, reserved 1097728K
  class space    used 6337K, committed 6464K, reserved 1048576K
}
Event: 2.886 GC heap before
{Heap before GC invocations=15 (full 0):
 garbage-first heap   total 92160K, used 69664K [0x0000000701400000, 0x0000000800000000)
  region size 2048K, 14 young (28672K), 1 survivors (2048K)
 Metaspace       used 55419K, committed 55680K, reserved 1105920K
  class space    used 6555K, committed 6656K, reserved 1048576K
}
Event: 2.892 GC heap after
{Heap after GC invocations=16 (full 0):
 garbage-first heap   total 131072K, used 47702K [0x0000000701400000, 0x0000000800000000)
  region size 2048K, 2 young (4096K), 2 survivors (4096K)
 Metaspace       used 55419K, committed 55680K, reserved 1105920K
  class space    used 6555K, committed 6656K, reserved 1048576K
}
Event: 3.419 GC heap before
{Heap before GC invocations=17 (full 0):
 garbage-first heap   total 131072K, used 94806K [0x0000000701400000, 0x0000000800000000)
  region size 2048K, 26 young (53248K), 2 survivors (4096K)
 Metaspace       used 61507K, committed 61824K, reserved 1105920K
  class space    used 7107K, committed 7232K, reserved 1048576K
}
Event: 3.425 GC heap after
{Heap after GC invocations=18 (full 0):
 garbage-first heap   total 131072K, used 52447K [0x0000000701400000, 0x0000000800000000)
  region size 2048K, 4 young (8192K), 4 survivors (8192K)
 Metaspace       used 61507K, committed 61824K, reserved 1105920K
  class space    used 7107K, committed 7232K, reserved 1048576K
}
Event: 3.860 GC heap before
{Heap before GC invocations=18 (full 0):
 garbage-first heap   total 131072K, used 97503K [0x0000000701400000, 0x0000000800000000)
  region size 2048K, 26 young (53248K), 4 survivors (8192K)
 Metaspace       used 67518K, committed 67840K, reserved 1114112K
  class space    used 7713K, committed 7872K, reserved 1048576K
}
Event: 3.868 GC heap after
{Heap after GC invocations=19 (full 0):
 garbage-first heap   total 131072K, used 58523K [0x0000000701400000, 0x0000000800000000)
  region size 2048K, 3 young (6144K), 3 survivors (6144K)
 Metaspace       used 67518K, committed 67840K, reserved 1114112K
  class space    used 7713K, committed 7872K, reserved 1048576K
}
Event: 4.178 GC heap before
{Heap before GC invocations=19 (full 0):
 garbage-first heap   total 131072K, used 99483K [0x0000000701400000, 0x0000000800000000)
  region size 2048K, 23 young (47104K), 3 survivors (6144K)
 Metaspace       used 73340K, committed 73664K, reserved 1114112K
  class space    used 8280K, committed 8448K, reserved 1048576K
}
Event: 4.184 GC heap after
{Heap after GC invocations=20 (full 0):
 garbage-first heap   total 131072K, used 63870K [0x0000000701400000, 0x0000000800000000)
  region size 2048K, 3 young (6144K), 3 survivors (6144K)
 Metaspace       used 73340K, committed 73664K, reserved 1114112K
  class space    used 8280K, committed 8448K, reserved 1048576K
}
Event: 4.350 GC heap before
{Heap before GC invocations=20 (full 0):
 garbage-first heap   total 131072K, used 100734K [0x0000000701400000, 0x0000000800000000)
  region size 2048K, 21 young (43008K), 3 survivors (6144K)
 Metaspace       used 74289K, committed 74624K, reserved 1122304K
  class space    used 8357K, committed 8512K, reserved 1048576K
}
Event: 4.355 GC heap after
{Heap after GC invocations=21 (full 0):
 garbage-first heap   total 131072K, used 64875K [0x0000000701400000, 0x0000000800000000)
  region size 2048K, 1 young (2048K), 1 survivors (2048K)
 Metaspace       used 74289K, committed 74624K, reserved 1122304K
  class space    used 8357K, committed 8512K, reserved 1048576K
}
Event: 4.637 GC heap before
{Heap before GC invocations=22 (full 0):
 garbage-first heap   total 131072K, used 101739K [0x0000000701400000, 0x0000000800000000)
  region size 2048K, 19 young (38912K), 1 survivors (2048K)
 Metaspace       used 78104K, committed 78464K, reserved 1122304K
  class space    used 8686K, committed 8832K, reserved 1048576K
}
Event: 4.641 GC heap after
{Heap after GC invocations=23 (full 0):
 garbage-first heap   total 131072K, used 65608K [0x0000000701400000, 0x0000000800000000)
  region size 2048K, 1 young (2048K), 1 survivors (2048K)
 Metaspace       used 78104K, committed 78464K, reserved 1122304K
  class space    used 8686K, committed 8832K, reserved 1048576K
}
Event: 4.664 GC heap before
{Heap before GC invocations=23 (full 0):
 garbage-first heap   total 131072K, used 69704K [0x0000000701400000, 0x0000000800000000)
  region size 2048K, 3 young (6144K), 1 survivors (2048K)
 Metaspace       used 78274K, committed 78592K, reserved 1122304K
  class space    used 8699K, committed 8832K, reserved 1048576K
}

