# JRE version: OpenJDK Runtime Environment (17.0.6) (build 17.0.6+0-b2043.56-10027231)
# Java VM: OpenJDK 64-Bit Server VM (17.0.6+0-b2043.56-10027231, mixed mode, tiered, compressed oops, compressed class ptrs, g1 gc, windows-amd64)
GC Precious Log:
 CPUs: 12 total, 12 available
 Memory: 16296M
 Large Page Support: Disabled
 NUMA Support: Disabled
 Compressed Oops: Enabled (Zero based)
 Heap Region Size: 2M
 Heap Min Capacity: 8M
 Heap Initial Capacity: 256M
 Heap Max Capacity: 4076M
 Pre-touch: Disabled
 Parallel Workers: 10
 Concurrent Workers: 3
 Concurrent Refinement Workers: 10
 Periodic GC: Disabled
Heap:
 garbage-first heap   total 262144K, used 65166K [0x0000000701400000, 0x0000000800000000)
  region size 2048K, 2 young (4096K), 2 survivors (4096K)
 Metaspace       used 79356K, committed 79616K, reserved 1122304K
  class space    used 8769K, committed 8896K, reserved 1048576K
GC Heap History (20 events):
Event: 2.239 GC heap after
{Heap after GC invocations=13 (full 0):
 garbage-first heap   total 94208K, used 35582K [0x0000000701400000, 0x0000000800000000)
  region size 2048K, 2 young (4096K), 2 survivors (4096K)
 Metaspace       used 51051K, committed 51264K, reserved 1097728K
  class space    used 6103K, committed 6208K, reserved 1048576K
}
Event: 2.500 GC heap before
{Heap before GC invocations=13 (full 0):
 garbage-first heap   total 94208K, used 70398K [0x0000000701400000, 0x0000000800000000)
  region size 2048K, 19 young (38912K), 2 survivors (4096K)
 Metaspace       used 52290K, committed 52544K, reserved 1097728K
  class space    used 6227K, committed 6336K, reserved 1048576K
}
Event: 2.511 GC heap after
{Heap after GC invocations=14 (full 0):
 garbage-first heap   total 94208K, used 41899K [0x0000000701400000, 0x0000000800000000)
  region size 2048K, 3 young (6144K), 3 survivors (6144K)
 Metaspace       used 52290K, committed 52544K, reserved 1097728K
  class space    used 6227K, committed 6336K, reserved 1048576K
}
Event: 2.570 GC heap before
{Heap before GC invocations=14 (full 0):
 garbage-first heap   total 94208K, used 70571K [0x0000000701400000, 0x0000000800000000)
  region size 2048K, 17 young (34816K), 3 survivors (6144K)
 Metaspace       used 52566K, committed 52736K, reserved 1097728K
  class space    used 6259K, committed 6336K, reserved 1048576K
}
Event: 2.576 GC heap after
{Heap after GC invocations=15 (full 0):
 garbage-first heap   total 94208K, used 43211K [0x0000000701400000, 0x0000000800000000)
  region size 2048K, 1 young (2048K), 1 survivors (2048K)
 Metaspace       used 52566K, committed 52736K, reserved 1097728K
  class space    used 6259K, committed 6336K, reserved 1048576K
}
Event: 2.980 GC heap before
{Heap before GC invocations=15 (full 0):
 garbage-first heap   total 94208K, used 71883K [0x0000000701400000, 0x0000000800000000)
  region size 2048K, 15 young (30720K), 1 survivors (2048K)
 Metaspace       used 55253K, committed 55552K, reserved 1105920K
  class space    used 6534K, committed 6656K, reserved 1048576K
}
Event: 2.987 GC heap after
{Heap after GC invocations=16 (full 0):
 garbage-first heap   total 94208K, used 47416K [0x0000000701400000, 0x0000000800000000)
  region size 2048K, 2 young (4096K), 2 survivors (4096K)
 Metaspace       used 55253K, committed 55552K, reserved 1105920K
  class space    used 6534K, committed 6656K, reserved 1048576K
}
Event: 3.316 GC heap before
{Heap before GC invocations=17 (full 0):
 garbage-first heap   total 94208K, used 69944K [0x0000000701400000, 0x0000000800000000)
  region size 2048K, 14 young (28672K), 2 survivors (4096K)
 Metaspace       used 56395K, committed 56640K, reserved 1105920K
  class space    used 6593K, committed 6720K, reserved 1048576K
}
Event: 3.324 GC heap after
{Heap after GC invocations=18 (full 0):
 garbage-first heap   total 94208K, used 50953K [0x0000000701400000, 0x0000000800000000)
  region size 2048K, 2 young (4096K), 2 survivors (4096K)
 Metaspace       used 56395K, committed 56640K, reserved 1105920K
  class space    used 6593K, committed 6720K, reserved 1048576K
}
Event: 3.564 GC heap before
{Heap before GC invocations=18 (full 0):
 garbage-first heap   total 94208K, used 69385K [0x0000000701400000, 0x0000000800000000)
  region size 2048K, 12 young (24576K), 2 survivors (4096K)
 Metaspace       used 60356K, committed 60672K, reserved 1105920K
  class space    used 7008K, committed 7168K, reserved 1048576K
}
Event: 3.569 GC heap after
{Heap after GC invocations=19 (full 0):
 garbage-first heap   total 141312K, used 52435K [0x0000000701400000, 0x0000000800000000)
  region size 2048K, 1 young (2048K), 1 survivors (2048K)
 Metaspace       used 60356K, committed 60672K, reserved 1105920K
  class space    used 7008K, committed 7168K, reserved 1048576K
}
Event: 4.088 GC heap before
{Heap before GC invocations=20 (full 0):
 garbage-first heap   total 141312K, used 105683K [0x0000000701400000, 0x0000000800000000)
  region size 2048K, 27 young (55296K), 1 survivors (2048K)
 Metaspace       used 67601K, committed 67904K, reserved 1114112K
  class space    used 7718K, committed 7872K, reserved 1048576K
}
Event: 4.095 GC heap after
{Heap after GC invocations=21 (full 0):
 garbage-first heap   total 141312K, used 58096K [0x0000000701400000, 0x0000000800000000)
  region size 2048K, 4 young (8192K), 4 survivors (8192K)
 Metaspace       used 67601K, committed 67904K, reserved 1114112K
  class space    used 7718K, committed 7872K, reserved 1048576K
}
Event: 4.118 GC heap before
{Heap before GC invocations=21 (full 0):
 garbage-first heap   total 141312K, used 60144K [0x0000000701400000, 0x0000000800000000)
  region size 2048K, 5 young (10240K), 4 survivors (8192K)
 Metaspace       used 68057K, committed 68416K, reserved 1114112K
  class space    used 7756K, committed 7936K, reserved 1048576K
}
Event: 4.131 GC heap after
{Heap after GC invocations=22 (full 0):
 garbage-first heap   total 141312K, used 58398K [0x0000000701400000, 0x0000000800000000)
  region size 2048K, 1 young (2048K), 1 survivors (2048K)
 Metaspace       used 68057K, committed 68416K, reserved 1114112K
  class space    used 7756K, committed 7936K, reserved 1048576K
}
Event: 4.485 GC heap before
{Heap before GC invocations=22 (full 0):
 garbage-first heap   total 141312K, used 103454K [0x0000000701400000, 0x0000000800000000)
  region size 2048K, 24 young (49152K), 1 survivors (2048K)
 Metaspace       used 73789K, committed 74048K, reserved 1122304K
  class space    used 8309K, committed 8448K, reserved 1048576K
}
Event: 4.489 GC heap after
{Heap after GC invocations=23 (full 0):
 garbage-first heap   total 141312K, used 62385K [0x0000000701400000, 0x0000000800000000)
  region size 2048K, 3 young (6144K), 3 survivors (6144K)
 Metaspace       used 73789K, committed 74048K, reserved 1122304K
  class space    used 8309K, committed 8448K, reserved 1048576K
}
Event: 4.681 GC heap before
{Heap before GC invocations=23 (full 0):
 garbage-first heap   total 141312K, used 107441K [0x0000000701400000, 0x0000000800000000)
  region size 2048K, 25 young (51200K), 3 survivors (6144K)
 Metaspace       used 75100K, committed 75392K, reserved 1122304K
  class space    used 8419K, committed 8576K, reserved 1048576K
}
Event: 4.684 GC heap after
{Heap after GC invocations=24 (full 0):
 garbage-first heap   total 141312K, used 63507K [0x0000000701400000, 0x0000000800000000)
  region size 2048K, 1 young (2048K), 1 survivors (2048K)
 Metaspace       used 75100K, committed 75392K, reserved 1122304K
  class space    used 8419K, committed 8576K, reserved 1048576K
}
Event: 5.085 GC heap before
{Heap before GC invocations=24 (full 0):
 garbage-first heap   total 141312K, used 108563K [0x0000000701400000, 0x0000000800000000)
  region size 2048K, 24 young (49152K), 1 survivors (2048K)
 Metaspace       used 79356K, committed 79616K, reserved 1122304K
  class space    used 8769K, committed 8896K, reserved 1048576K
}

